TN:
SF:src/client/js/app.js
FN:2,(anonymous_0)
FN:23,(anonymous_1)
FNF:2
FNH:0
FNDA:0,(anonymous_0)
FNDA:0,(anonymous_1)
DA:2,1
DA:4,0
DA:13,0
DA:14,0
DA:16,0
DA:18,0
DA:23,1
DA:24,0
DA:25,0
DA:27,0
DA:28,0
DA:29,0
DA:33,0
LF:13
LH:2
BRDA:2,0,0,0
BRDA:2,1,0,0
BRF:2
BRH:0
end_of_record
TN:
SF:src/client/js/formHandler.js
FN:3,(anonymous_0)
FN:28,(anonymous_1)
FN:46,(anonymous_2)
FN:76,(anonymous_3)
FN:91,(anonymous_4)
FN:112,saveTrip
FNF:6
FNH:0
FNDA:0,(anonymous_0)
FNDA:0,(anonymous_1)
FNDA:0,(anonymous_2)
FNDA:0,(anonymous_3)
FNDA:0,(anonymous_4)
FNDA:0,saveTrip
DA:3,1
DA:5,0
DA:8,0
DA:9,0
DA:10,0
DA:12,0
DA:17,0
DA:18,0
DA:19,0
DA:20,0
DA:24,0
DA:28,1
DA:29,0
DA:30,0
DA:32,0
DA:33,0
DA:34,0
DA:37,0
DA:41,1
DA:42,1
DA:43,1
DA:46,1
DA:50,0
DA:51,0
DA:52,0
DA:53,0
DA:54,0
DA:55,0
DA:56,0
DA:60,0
DA:61,0
DA:63,0
DA:65,0
DA:67,0
DA:71,0
DA:76,1
DA:77,0
DA:78,0
DA:80,0
DA:82,0
DA:83,0
DA:86,0
DA:91,1
DA:92,0
DA:96,0
DA:97,0
DA:98,0
DA:99,0
DA:100,0
DA:113,0
DA:114,0
DA:115,0
DA:116,0
DA:117,0
LF:54
LH:8
BRDA:52,0,0,0
BRDA:52,0,1,0
BRF:2
BRH:0
end_of_record
TN:
SF:src/server/server.js
FN:24,(anonymous_0)
FN:33,sendData
FN:40,callBack
FNF:3
FNH:2
FNDA:1,(anonymous_0)
FNDA:0,sendData
FNDA:1,callBack
DA:1,1
DA:3,1
DA:4,1
DA:5,1
DA:6,1
DA:8,1
DA:9,1
DA:10,1
DA:13,1
DA:14,1
DA:24,1
DA:25,1
DA:31,1
DA:34,0
DA:38,1
DA:41,1
DA:42,1
DA:45,1
LF:18
LH:17
BRF:0
BRH:0
end_of_record
